# JRE version: OpenJDK Runtime Environment (11.0.3+7) (build 11.0.3+7-Ubuntu-1ubuntu219.04.1)
# Java VM: OpenJDK 64-Bit Server VM (11.0.3+7-Ubuntu-1ubuntu219.04.1, mixed mode, sharing, tiered, compressed oops, g1 gc, linux-amd64)
Heap:
 garbage-first heap   total 1144832K, used 282745K [0x0000000083a00000, 0x0000000100000000)
  region size 1024K, 16 young (16384K), 16 survivors (16384K)
 Metaspace       used 610K, capacity 4560K, committed 4864K, reserved 1056768K
  class space    used 35K, capacity 388K, committed 512K, reserved 1048576K
GC Heap History (10 events):
Event: 0,998 GC heap after
{Heap after GC invocations=8 (full 0):
 garbage-first heap   total 266240K, used 126588K [0x0000000083a00000, 0x0000000100000000)
  region size 1024K, 10 young (10240K), 10 survivors (10240K)
 Metaspace       used 610K, capacity 4560K, committed 4864K, reserved 1056768K
  class space    used 35K, capacity 388K, committed 512K, reserved 1048576K
}
Event: 1,038 GC heap before
{Heap before GC invocations=8 (full 0):
 garbage-first heap   total 266240K, used 187004K [0x0000000083a00000, 0x0000000100000000)
  region size 1024K, 69 young (70656K), 10 survivors (10240K)
 Metaspace       used 610K, capacity 4560K, committed 4864K, reserved 1056768K
  class space    used 35K, capacity 388K, committed 512K, reserved 1048576K
}
Event: 1,057 GC heap after
{Heap after GC invocations=9 (full 0):
 garbage-first heap   total 548864K, used 143996K [0x0000000083a00000, 0x0000000100000000)
  region size 1024K, 9 young (9216K), 9 survivors (9216K)
 Metaspace       used 610K, capacity 4560K, committed 4864K, reserved 1056768K
  class space    used 35K, capacity 388K, committed 512K, reserved 1048576K
}
Event: 1,218 GC heap before
{Heap before GC invocations=9 (full 0):
 garbage-first heap   total 548864K, used 281212K [0x0000000083a00000, 0x0000000100000000)
  region size 1024K, 143 young (146432K), 9 survivors (9216K)
 Metaspace       used 610K, capacity 4560K, committed 4864K, reserved 1056768K
  class space    used 35K, capacity 388K, committed 512K, reserved 1048576K
}
Event: 1,327 GC heap after
{Heap after GC invocations=10 (full 0):
 garbage-first heap   total 548864K, used 181293K [0x0000000083a00000, 0x0000000100000000)
  region size 1024K, 18 young (18432K), 18 survivors (18432K)
 Metaspace       used 610K, capacity 4560K, committed 4864K, reserved 1056768K
  class space    used 35K, capacity 388K, committed 512K, reserved 1048576K
}
Event: 1,555 GC heap before
{Heap before GC invocations=10 (full 0):
 garbage-first heap   total 548864K, used 332845K [0x0000000083a00000, 0x0000000100000000)
  region size 1024K, 162 young (165888K), 18 survivors (18432K)
 Metaspace       used 610K, capacity 4560K, committed 4864K, reserved 1056768K
  class space    used 35K, capacity 388K, committed 512K, reserved 1048576K
}
Event: 1,675 GC heap after
{Heap after GC invocations=11 (full 0):
 garbage-first heap   total 548864K, used 225916K [0x0000000083a00000, 0x0000000100000000)
  region size 1024K, 21 young (21504K), 21 survivors (21504K)
 Metaspace       used 610K, capacity 4560K, committed 4864K, reserved 1056768K
  class space    used 35K, capacity 388K, committed 512K, reserved 1048576K
}
Event: 1,768 GC heap before
{Heap before GC invocations=11 (full 0):
 garbage-first heap   total 548864K, used 364156K [0x0000000083a00000, 0x0000000100000000)
  region size 1024K, 156 young (159744K), 21 survivors (21504K)
 Metaspace       used 610K, capacity 4560K, committed 4864K, reserved 1056768K
  class space    used 35K, capacity 388K, committed 512K, reserved 1048576K
}
Event: 1,801 GC heap after
{Heap after GC invocations=12 (full 0):
 garbage-first heap   total 548864K, used 264316K [0x0000000083a00000, 0x0000000100000000)
  region size 1024K, 20 young (20480K), 20 survivors (20480K)
 Metaspace       used 610K, capacity 4560K, committed 4864K, reserved 1056768K
  class space    used 35K, capacity 388K, committed 512K, reserved 1048576K
}
Event: 1,836 GC heap before
{Heap before GC invocations=12 (full 0):
 garbage-first heap   total 548864K, used 314492K [0x0000000083a00000, 0x0000000100000000)
  region size 1024K, 70 young (71680K), 20 survivors (20480K)
 Metaspace       used 610K, capacity 4560K, committed 4864K, reserved 1056768K
  class space    used 35K, capacity 388K, committed 512K, reserved 1048576K
}

