# JRE version: OpenJDK Runtime Environment (11.0.3+7) (build 11.0.3+7-Ubuntu-1ubuntu219.04.1)
# Java VM: OpenJDK 64-Bit Server VM (11.0.3+7-Ubuntu-1ubuntu219.04.1, mixed mode, sharing, tiered, compressed oops, g1 gc, linux-amd64)
Heap:
 garbage-first heap   total 860160K, used 146556K [0x0000000083a00000, 0x0000000100000000)
  region size 1024K, 11 young (11264K), 11 survivors (11264K)
 Metaspace       used 606K, capacity 4500K, committed 4864K, reserved 1056768K
  class space    used 35K, capacity 388K, committed 512K, reserved 1048576K
GC Heap History (10 events):
Event: 0,573 GC heap after
{Heap after GC invocations=4 (full 0):
 garbage-first heap   total 131072K, used 36338K [0x0000000083a00000, 0x0000000100000000)
  region size 1024K, 6 young (6144K), 6 survivors (6144K)
 Metaspace       used 600K, capacity 4500K, committed 4864K, reserved 1056768K
  class space    used 35K, capacity 388K, committed 512K, reserved 1048576K
}
Event: 0,599 GC heap before
{Heap before GC invocations=4 (full 0):
 garbage-first heap   total 131072K, used 78322K [0x0000000083a00000, 0x0000000100000000)
  region size 1024K, 46 young (47104K), 6 survivors (6144K)
 Metaspace       used 606K, capacity 4500K, committed 4864K, reserved 1056768K
  class space    used 35K, capacity 388K, committed 512K, reserved 1048576K
}
Event: 0,619 GC heap after
{Heap after GC invocations=5 (full 0):
 garbage-first heap   total 286720K, used 48764K [0x0000000083a00000, 0x0000000100000000)
  region size 1024K, 6 young (6144K), 6 survivors (6144K)
 Metaspace       used 606K, capacity 4500K, committed 4864K, reserved 1056768K
  class space    used 35K, capacity 388K, committed 512K, reserved 1048576K
}
Event: 0,840 GC heap before
{Heap before GC invocations=5 (full 0):
 garbage-first heap   total 286720K, used 120444K [0x0000000083a00000, 0x0000000100000000)
  region size 1024K, 75 young (76800K), 6 survivors (6144K)
 Metaspace       used 606K, capacity 4500K, committed 4864K, reserved 1056768K
  class space    used 35K, capacity 388K, committed 512K, reserved 1048576K
}
Event: 0,957 GC heap after
{Heap after GC invocations=6 (full 0):
 garbage-first heap   total 286720K, used 70268K [0x0000000083a00000, 0x0000000100000000)
  region size 1024K, 10 young (10240K), 10 survivors (10240K)
 Metaspace       used 606K, capacity 4500K, committed 4864K, reserved 1056768K
  class space    used 35K, capacity 388K, committed 512K, reserved 1048576K
}
Event: 1,020 GC heap before
{Heap before GC invocations=6 (full 0):
 garbage-first heap   total 286720K, used 155260K [0x0000000083a00000, 0x0000000100000000)
  region size 1024K, 91 young (93184K), 10 survivors (10240K)
 Metaspace       used 606K, capacity 4500K, committed 4864K, reserved 1056768K
  class space    used 35K, capacity 388K, committed 512K, reserved 1048576K
}
Event: 1,077 GC heap after
{Heap after GC invocations=7 (full 0):
 garbage-first heap   total 286720K, used 96831K [0x0000000083a00000, 0x0000000100000000)
  region size 1024K, 12 young (12288K), 12 survivors (12288K)
 Metaspace       used 606K, capacity 4500K, committed 4864K, reserved 1056768K
  class space    used 35K, capacity 388K, committed 512K, reserved 1048576K
}
Event: 1,126 GC heap before
{Heap before GC invocations=7 (full 0):
 garbage-first heap   total 286720K, used 178751K [0x0000000083a00000, 0x0000000100000000)
  region size 1024K, 92 young (94208K), 12 survivors (12288K)
 Metaspace       used 606K, capacity 4500K, committed 4864K, reserved 1056768K
  class space    used 35K, capacity 388K, committed 512K, reserved 1048576K
}
Event: 1,150 GC heap after
{Heap after GC invocations=8 (full 0):
 garbage-first heap   total 286720K, used 121468K [0x0000000083a00000, 0x0000000100000000)
  region size 1024K, 12 young (12288K), 12 survivors (12288K)
 Metaspace       used 606K, capacity 4500K, committed 4864K, reserved 1056768K
  class space    used 35K, capacity 388K, committed 512K, reserved 1048576K
}
Event: 1,198 GC heap before
{Heap before GC invocations=8 (full 0):
 garbage-first heap   total 286720K, used 198268K [0x0000000083a00000, 0x0000000100000000)
  region size 1024K, 84 young (86016K), 12 survivors (12288K)
 Metaspace       used 606K, capacity 4500K, committed 4864K, reserved 1056768K
  class space    used 35K, capacity 388K, committed 512K, reserved 1048576K
}

