# JRE version: OpenJDK Runtime Environment (11.0.3+7) (build 11.0.3+7-Ubuntu-1ubuntu219.04.1)
# Java VM: OpenJDK 64-Bit Server VM (11.0.3+7-Ubuntu-1ubuntu219.04.1, mixed mode, sharing, tiered, compressed oops, g1 gc, linux-amd64)
Heap:
 garbage-first heap   total 1173504K, used 320636K [0x0000000083a00000, 0x0000000100000000)
  region size 1024K, 20 young (20480K), 20 survivors (20480K)
 Metaspace       used 589K, capacity 4496K, committed 4864K, reserved 1056768K
  class space    used 33K, capacity 388K, committed 512K, reserved 1048576K
GC Heap History (10 events):
Event: 0,879 GC heap after
{Heap after GC invocations=8 (full 0):
 garbage-first heap   total 265216K, used 130172K [0x0000000083a00000, 0x0000000100000000)
  region size 1024K, 10 young (10240K), 10 survivors (10240K)
 Metaspace       used 589K, capacity 4496K, committed 4864K, reserved 1056768K
  class space    used 33K, capacity 388K, committed 512K, reserved 1048576K
}
Event: 0,912 GC heap before
{Heap before GC invocations=8 (full 0):
 garbage-first heap   total 265216K, used 187516K [0x0000000083a00000, 0x0000000100000000)
  region size 1024K, 66 young (67584K), 10 survivors (10240K)
 Metaspace       used 589K, capacity 4496K, committed 4864K, reserved 1056768K
  class space    used 33K, capacity 388K, committed 512K, reserved 1048576K
}
Event: 0,931 GC heap after
{Heap after GC invocations=9 (full 0):
 garbage-first heap   total 596992K, used 147580K [0x0000000083a00000, 0x0000000100000000)
  region size 1024K, 9 young (9216K), 9 survivors (9216K)
 Metaspace       used 589K, capacity 4496K, committed 4864K, reserved 1056768K
  class space    used 33K, capacity 388K, committed 512K, reserved 1048576K
}
Event: 1,242 GC heap before
{Heap before GC invocations=10 (full 0):
 garbage-first heap   total 596992K, used 279676K [0x0000000083a00000, 0x0000000100000000)
  region size 1024K, 138 young (141312K), 9 survivors (9216K)
 Metaspace       used 589K, capacity 4496K, committed 4864K, reserved 1056768K
  class space    used 33K, capacity 388K, committed 512K, reserved 1048576K
}
Event: 1,285 GC heap after
{Heap after GC invocations=11 (full 0):
 garbage-first heap   total 596992K, used 185980K [0x0000000083a00000, 0x0000000100000000)
  region size 1024K, 18 young (18432K), 18 survivors (18432K)
 Metaspace       used 589K, capacity 4496K, committed 4864K, reserved 1056768K
  class space    used 33K, capacity 388K, committed 512K, reserved 1048576K
}
Event: 1,400 GC heap before
{Heap before GC invocations=11 (full 0):
 garbage-first heap   total 596992K, used 340604K [0x0000000083a00000, 0x0000000100000000)
  region size 1024K, 169 young (173056K), 18 survivors (18432K)
 Metaspace       used 589K, capacity 4496K, committed 4864K, reserved 1056768K
  class space    used 33K, capacity 388K, committed 512K, reserved 1048576K
}
Event: 1,457 GC heap after
{Heap after GC invocations=12 (full 0):
 garbage-first heap   total 596992K, used 231548K [0x0000000083a00000, 0x0000000100000000)
  region size 1024K, 22 young (22528K), 22 survivors (22528K)
 Metaspace       used 589K, capacity 4496K, committed 4864K, reserved 1056768K
  class space    used 33K, capacity 388K, committed 512K, reserved 1048576K
}
Event: 1,551 GC heap before
{Heap before GC invocations=12 (full 0):
 garbage-first heap   total 596992K, used 387196K [0x0000000083a00000, 0x0000000100000000)
  region size 1024K, 169 young (173056K), 22 survivors (22528K)
 Metaspace       used 589K, capacity 4496K, committed 4864K, reserved 1056768K
  class space    used 33K, capacity 388K, committed 512K, reserved 1048576K
}
Event: 1,588 GC heap after
{Heap after GC invocations=13 (full 0):
 garbage-first heap   total 596992K, used 281212K [0x0000000083a00000, 0x0000000100000000)
  region size 1024K, 22 young (22528K), 22 survivors (22528K)
 Metaspace       used 589K, capacity 4496K, committed 4864K, reserved 1056768K
  class space    used 33K, capacity 388K, committed 512K, reserved 1048576K
}
Event: 1,677 GC heap before
{Heap before GC invocations=13 (full 0):
 garbage-first heap   total 596992K, used 416380K [0x0000000083a00000, 0x0000000100000000)
  region size 1024K, 154 young (157696K), 22 survivors (22528K)
 Metaspace       used 589K, capacity 4496K, committed 4864K, reserved 1056768K
  class space    used 33K, capacity 388K, committed 512K, reserved 1048576K
}

