# JRE version: OpenJDK Runtime Environment (11.0.3+7) (build 11.0.3+7-Ubuntu-1ubuntu219.04.1)
# Java VM: OpenJDK 64-Bit Server VM (11.0.3+7-Ubuntu-1ubuntu219.04.1, mixed mode, sharing, tiered, compressed oops, g1 gc, linux-amd64)
Heap:
 garbage-first heap   total 1181696K, used 325244K [0x0000000083a00000, 0x0000000100000000)
  region size 1024K, 20 young (20480K), 20 survivors (20480K)
 Metaspace       used 608K, capacity 4500K, committed 4864K, reserved 1056768K
  class space    used 35K, capacity 388K, committed 512K, reserved 1048576K
GC Heap History (10 events):
Event: 0,890 GC heap after
{Heap after GC invocations=8 (full 0):
 garbage-first heap   total 271360K, used 131708K [0x0000000083a00000, 0x0000000100000000)
  region size 1024K, 10 young (10240K), 10 survivors (10240K)
 Metaspace       used 608K, capacity 4500K, committed 4864K, reserved 1056768K
  class space    used 35K, capacity 388K, committed 512K, reserved 1048576K
}
Event: 0,928 GC heap before
{Heap before GC invocations=8 (full 0):
 garbage-first heap   total 271360K, used 191100K [0x0000000083a00000, 0x0000000100000000)
  region size 1024K, 68 young (69632K), 10 survivors (10240K)
 Metaspace       used 608K, capacity 4500K, committed 4864K, reserved 1056768K
  class space    used 35K, capacity 388K, committed 512K, reserved 1048576K
}
Event: 0,949 GC heap after
{Heap after GC invocations=9 (full 0):
 garbage-first heap   total 610304K, used 150140K [0x0000000083a00000, 0x0000000100000000)
  region size 1024K, 9 young (9216K), 9 survivors (9216K)
 Metaspace       used 608K, capacity 4500K, committed 4864K, reserved 1056768K
  class space    used 35K, capacity 388K, committed 512K, reserved 1048576K
}
Event: 1,108 GC heap before
{Heap before GC invocations=9 (full 0):
 garbage-first heap   total 610304K, used 281212K [0x0000000083a00000, 0x0000000100000000)
  region size 1024K, 137 young (140288K), 9 survivors (9216K)
 Metaspace       used 608K, capacity 4500K, committed 4864K, reserved 1056768K
  class space    used 35K, capacity 388K, committed 512K, reserved 1048576K
}
Event: 1,134 GC heap after
{Heap after GC invocations=10 (full 0):
 garbage-first heap   total 610304K, used 188475K [0x0000000083a00000, 0x0000000100000000)
  region size 1024K, 18 young (18432K), 18 survivors (18432K)
 Metaspace       used 608K, capacity 4500K, committed 4864K, reserved 1056768K
  class space    used 35K, capacity 388K, committed 512K, reserved 1048576K
}
Event: 1,234 GC heap before
{Heap before GC invocations=11 (full 0):
 garbage-first heap   total 610304K, used 345147K [0x0000000083a00000, 0x0000000100000000)
  region size 1024K, 171 young (175104K), 18 survivors (18432K)
 Metaspace       used 608K, capacity 4500K, committed 4864K, reserved 1056768K
  class space    used 35K, capacity 388K, committed 512K, reserved 1048576K
}
Event: 1,338 GC heap after
{Heap after GC invocations=12 (full 0):
 garbage-first heap   total 610304K, used 234108K [0x0000000083a00000, 0x0000000100000000)
  region size 1024K, 22 young (22528K), 22 survivors (22528K)
 Metaspace       used 608K, capacity 4500K, committed 4864K, reserved 1056768K
  class space    used 35K, capacity 388K, committed 512K, reserved 1048576K
}
Event: 1,447 GC heap before
{Heap before GC invocations=12 (full 0):
 garbage-first heap   total 610304K, used 394876K [0x0000000083a00000, 0x0000000100000000)
  region size 1024K, 174 young (178176K), 22 survivors (22528K)
 Metaspace       used 608K, capacity 4500K, committed 4864K, reserved 1056768K
  class space    used 35K, capacity 388K, committed 512K, reserved 1048576K
}
Event: 1,484 GC heap after
{Heap after GC invocations=13 (full 0):
 garbage-first heap   total 610304K, used 285308K [0x0000000083a00000, 0x0000000100000000)
  region size 1024K, 22 young (22528K), 22 survivors (22528K)
 Metaspace       used 608K, capacity 4500K, committed 4864K, reserved 1056768K
  class space    used 35K, capacity 388K, committed 512K, reserved 1048576K
}
Event: 1,567 GC heap before
{Heap before GC invocations=13 (full 0):
 garbage-first heap   total 610304K, used 423548K [0x0000000083a00000, 0x0000000100000000)
  region size 1024K, 157 young (160768K), 22 survivors (22528K)
 Metaspace       used 608K, capacity 4500K, committed 4864K, reserved 1056768K
  class space    used 35K, capacity 388K, committed 512K, reserved 1048576K
}

