# JRE version: OpenJDK Runtime Environment (11.0.3+7) (build 11.0.3+7-Ubuntu-1ubuntu219.04.1)
# Java VM: OpenJDK 64-Bit Server VM (11.0.3+7-Ubuntu-1ubuntu219.04.1, mixed mode, sharing, tiered, compressed oops, g1 gc, linux-amd64)
Heap:
 garbage-first heap   total 1182720K, used 324220K [0x0000000083a00000, 0x0000000100000000)
  region size 1024K, 20 young (20480K), 20 survivors (20480K)
 Metaspace       used 595K, capacity 4496K, committed 4864K, reserved 1056768K
  class space    used 33K, capacity 388K, committed 512K, reserved 1048576K
GC Heap History (10 events):
Event: 0,959 GC heap after
{Heap after GC invocations=8 (full 0):
 garbage-first heap   total 271360K, used 132220K [0x0000000083a00000, 0x0000000100000000)
  region size 1024K, 10 young (10240K), 10 survivors (10240K)
 Metaspace       used 595K, capacity 4496K, committed 4864K, reserved 1056768K
  class space    used 33K, capacity 388K, committed 512K, reserved 1048576K
}
Event: 0,996 GC heap before
{Heap before GC invocations=8 (full 0):
 garbage-first heap   total 271360K, used 190588K [0x0000000083a00000, 0x0000000100000000)
  region size 1024K, 67 young (68608K), 10 survivors (10240K)
 Metaspace       used 595K, capacity 4496K, committed 4864K, reserved 1056768K
  class space    used 33K, capacity 388K, committed 512K, reserved 1048576K
}
Event: 1,019 GC heap after
{Heap after GC invocations=9 (full 0):
 garbage-first heap   total 611328K, used 150652K [0x0000000083a00000, 0x0000000100000000)
  region size 1024K, 9 young (9216K), 9 survivors (9216K)
 Metaspace       used 595K, capacity 4496K, committed 4864K, reserved 1056768K
  class space    used 33K, capacity 388K, committed 512K, reserved 1048576K
}
Event: 1,207 GC heap before
{Heap before GC invocations=9 (full 0):
 garbage-first heap   total 611328K, used 278652K [0x0000000083a00000, 0x0000000100000000)
  region size 1024K, 134 young (137216K), 9 survivors (9216K)
 Metaspace       used 595K, capacity 4496K, committed 4864K, reserved 1056768K
  class space    used 33K, capacity 388K, committed 512K, reserved 1048576K
}
Event: 1,283 GC heap after
{Heap after GC invocations=10 (full 0):
 garbage-first heap   total 611328K, used 188028K [0x0000000083a00000, 0x0000000100000000)
  region size 1024K, 17 young (17408K), 17 survivors (17408K)
 Metaspace       used 595K, capacity 4496K, committed 4864K, reserved 1056768K
  class space    used 33K, capacity 388K, committed 512K, reserved 1048576K
}
Event: 1,401 GC heap before
{Heap before GC invocations=11 (full 0):
 garbage-first heap   total 611328K, used 340604K [0x0000000083a00000, 0x0000000100000000)
  region size 1024K, 166 young (169984K), 17 survivors (17408K)
 Metaspace       used 595K, capacity 4496K, committed 4864K, reserved 1056768K
  class space    used 33K, capacity 388K, committed 512K, reserved 1048576K
}
Event: 1,443 GC heap after
{Heap after GC invocations=12 (full 0):
 garbage-first heap   total 611328K, used 232572K [0x0000000083a00000, 0x0000000100000000)
  region size 1024K, 21 young (21504K), 21 survivors (21504K)
 Metaspace       used 595K, capacity 4496K, committed 4864K, reserved 1056768K
  class space    used 33K, capacity 388K, committed 512K, reserved 1048576K
}
Event: 1,557 GC heap before
{Heap before GC invocations=12 (full 0):
 garbage-first heap   total 611328K, used 392316K [0x0000000083a00000, 0x0000000100000000)
  region size 1024K, 172 young (176128K), 21 survivors (21504K)
 Metaspace       used 595K, capacity 4496K, committed 4864K, reserved 1056768K
  class space    used 33K, capacity 388K, committed 512K, reserved 1048576K
}
Event: 1,612 GC heap after
{Heap after GC invocations=13 (full 0):
 garbage-first heap   total 611328K, used 283260K [0x0000000083a00000, 0x0000000100000000)
  region size 1024K, 22 young (22528K), 22 survivors (22528K)
 Metaspace       used 595K, capacity 4496K, committed 4864K, reserved 1056768K
  class space    used 33K, capacity 388K, committed 512K, reserved 1048576K
}
Event: 1,710 GC heap before
{Heap before GC invocations=13 (full 0):
 garbage-first heap   total 611328K, used 423548K [0x0000000083a00000, 0x0000000100000000)
  region size 1024K, 159 young (162816K), 22 survivors (22528K)
 Metaspace       used 595K, capacity 4496K, committed 4864K, reserved 1056768K
  class space    used 33K, capacity 388K, committed 512K, reserved 1048576K
}

