# JRE version: OpenJDK Runtime Environment (11.0.3+7) (build 11.0.3+7-Ubuntu-1ubuntu219.04.1)
# Java VM: OpenJDK 64-Bit Server VM (11.0.3+7-Ubuntu-1ubuntu219.04.1, mixed mode, sharing, tiered, compressed oops, g1 gc, linux-amd64)
Heap:
 garbage-first heap   total 1149952K, used 285307K [0x0000000083a00000, 0x0000000100000000)
  region size 1024K, 15 young (15360K), 15 survivors (15360K)
 Metaspace       used 603K, capacity 4560K, committed 4864K, reserved 1056768K
  class space    used 35K, capacity 388K, committed 512K, reserved 1048576K
GC Heap History (10 events):
Event: 0,932 GC heap after
{Heap after GC invocations=8 (full 0):
 garbage-first heap   total 264192K, used 123004K [0x0000000083a00000, 0x0000000100000000)
  region size 1024K, 10 young (10240K), 10 survivors (10240K)
 Metaspace       used 603K, capacity 4560K, committed 4864K, reserved 1056768K
  class space    used 35K, capacity 388K, committed 512K, reserved 1048576K
}
Event: 0,974 GC heap before
{Heap before GC invocations=8 (full 0):
 garbage-first heap   total 264192K, used 187516K [0x0000000083a00000, 0x0000000100000000)
  region size 1024K, 70 young (71680K), 10 survivors (10240K)
 Metaspace       used 603K, capacity 4560K, committed 4864K, reserved 1056768K
  class space    used 35K, capacity 388K, committed 512K, reserved 1048576K
}
Event: 0,994 GC heap after
{Heap after GC invocations=9 (full 0):
 garbage-first heap   total 558080K, used 144508K [0x0000000083a00000, 0x0000000100000000)
  region size 1024K, 9 young (9216K), 9 survivors (9216K)
 Metaspace       used 603K, capacity 4560K, committed 4864K, reserved 1056768K
  class space    used 35K, capacity 388K, committed 512K, reserved 1048576K
}
Event: 1,364 GC heap before
{Heap before GC invocations=9 (full 0):
 garbage-first heap   total 558080K, used 283772K [0x0000000083a00000, 0x0000000100000000)
  region size 1024K, 145 young (148480K), 9 survivors (9216K)
 Metaspace       used 603K, capacity 4560K, committed 4864K, reserved 1056768K
  class space    used 35K, capacity 388K, committed 512K, reserved 1048576K
}
Event: 1,514 GC heap after
{Heap after GC invocations=10 (full 0):
 garbage-first heap   total 558080K, used 182747K [0x0000000083a00000, 0x0000000100000000)
  region size 1024K, 19 young (19456K), 19 survivors (19456K)
 Metaspace       used 603K, capacity 4560K, committed 4864K, reserved 1056768K
  class space    used 35K, capacity 388K, committed 512K, reserved 1048576K
}
Event: 1,628 GC heap before
{Heap before GC invocations=10 (full 0):
 garbage-first heap   total 558080K, used 336347K [0x0000000083a00000, 0x0000000100000000)
  region size 1024K, 165 young (168960K), 19 survivors (19456K)
 Metaspace       used 603K, capacity 4560K, committed 4864K, reserved 1056768K
  class space    used 35K, capacity 388K, committed 512K, reserved 1048576K
}
Event: 1,669 GC heap after
{Heap after GC invocations=11 (full 0):
 garbage-first heap   total 558080K, used 228988K [0x0000000083a00000, 0x0000000100000000)
  region size 1024K, 21 young (21504K), 21 survivors (21504K)
 Metaspace       used 603K, capacity 4560K, committed 4864K, reserved 1056768K
  class space    used 35K, capacity 388K, committed 512K, reserved 1048576K
}
Event: 1,765 GC heap before
{Heap before GC invocations=11 (full 0):
 garbage-first heap   total 558080K, used 369276K [0x0000000083a00000, 0x0000000100000000)
  region size 1024K, 158 young (161792K), 21 survivors (21504K)
 Metaspace       used 603K, capacity 4560K, committed 4864K, reserved 1056768K
  class space    used 35K, capacity 388K, committed 512K, reserved 1048576K
}
Event: 1,800 GC heap after
{Heap after GC invocations=12 (full 0):
 garbage-first heap   total 558080K, used 267900K [0x0000000083a00000, 0x0000000100000000)
  region size 1024K, 20 young (20480K), 20 survivors (20480K)
 Metaspace       used 603K, capacity 4560K, committed 4864K, reserved 1056768K
  class space    used 35K, capacity 388K, committed 512K, reserved 1048576K
}
Event: 1,832 GC heap before
{Heap before GC invocations=12 (full 0):
 garbage-first heap   total 558080K, used 315004K [0x0000000083a00000, 0x0000000100000000)
  region size 1024K, 67 young (68608K), 20 survivors (20480K)
 Metaspace       used 603K, capacity 4560K, committed 4864K, reserved 1056768K
  class space    used 35K, capacity 388K, committed 512K, reserved 1048576K
}

