# JRE version: OpenJDK Runtime Environment (11.0.3+7) (build 11.0.3+7-Ubuntu-1ubuntu219.04.1)
# Java VM: OpenJDK 64-Bit Server VM (11.0.3+7-Ubuntu-1ubuntu219.04.1, mixed mode, sharing, tiered, compressed oops, g1 gc, linux-amd64)
Heap:
 garbage-first heap   total 1153024K, used 278135K [0x0000000083a00000, 0x0000000100000000)
  region size 1024K, 7 young (7168K), 7 survivors (7168K)
 Metaspace       used 594K, capacity 4496K, committed 4864K, reserved 1056768K
  class space    used 33K, capacity 388K, committed 512K, reserved 1048576K
GC Heap History (10 events):
Event: 0,886 GC heap after
{Heap after GC invocations=8 (full 0):
 garbage-first heap   total 262144K, used 128636K [0x0000000083a00000, 0x0000000100000000)
  region size 1024K, 9 young (9216K), 9 survivors (9216K)
 Metaspace       used 594K, capacity 4496K, committed 4864K, reserved 1056768K
  class space    used 33K, capacity 388K, committed 512K, reserved 1048576K
}
Event: 0,923 GC heap before
{Heap before GC invocations=8 (full 0):
 garbage-first heap   total 262144K, used 184956K [0x0000000083a00000, 0x0000000100000000)
  region size 1024K, 64 young (65536K), 9 survivors (9216K)
 Metaspace       used 594K, capacity 4496K, committed 4864K, reserved 1056768K
  class space    used 33K, capacity 388K, committed 512K, reserved 1048576K
}
Event: 0,946 GC heap after
{Heap after GC invocations=9 (full 0):
 garbage-first heap   total 563200K, used 146044K [0x0000000083a00000, 0x0000000100000000)
  region size 1024K, 8 young (8192K), 8 survivors (8192K)
 Metaspace       used 594K, capacity 4496K, committed 4864K, reserved 1056768K
  class space    used 33K, capacity 388K, committed 512K, reserved 1048576K
}
Event: 1,356 GC heap before
{Heap before GC invocations=10 (full 0):
 garbage-first heap   total 563200K, used 280188K [0x0000000083a00000, 0x0000000100000000)
  region size 1024K, 143 young (146432K), 8 survivors (8192K)
 Metaspace       used 594K, capacity 4496K, committed 4864K, reserved 1056768K
  class space    used 33K, capacity 388K, committed 512K, reserved 1048576K
}
Event: 1,412 GC heap after
{Heap after GC invocations=11 (full 0):
 garbage-first heap   total 563200K, used 181884K [0x0000000083a00000, 0x0000000100000000)
  region size 1024K, 18 young (18432K), 18 survivors (18432K)
 Metaspace       used 594K, capacity 4496K, committed 4864K, reserved 1056768K
  class space    used 33K, capacity 388K, committed 512K, reserved 1048576K
}
Event: 1,510 GC heap before
{Heap before GC invocations=11 (full 0):
 garbage-first heap   total 563200K, used 334460K [0x0000000083a00000, 0x0000000100000000)
  region size 1024K, 163 young (166912K), 18 survivors (18432K)
 Metaspace       used 594K, capacity 4496K, committed 4864K, reserved 1056768K
  class space    used 33K, capacity 388K, committed 512K, reserved 1048576K
}
Event: 1,549 GC heap after
{Heap after GC invocations=12 (full 0):
 garbage-first heap   total 563200K, used 228476K [0x0000000083a00000, 0x0000000100000000)
  region size 1024K, 21 young (21504K), 21 survivors (21504K)
 Metaspace       used 594K, capacity 4496K, committed 4864K, reserved 1056768K
  class space    used 33K, capacity 388K, committed 512K, reserved 1048576K
}
Event: 1,628 GC heap before
{Heap before GC invocations=12 (full 0):
 garbage-first heap   total 563200K, used 366716K [0x0000000083a00000, 0x0000000100000000)
  region size 1024K, 156 young (159744K), 21 survivors (21504K)
 Metaspace       used 594K, capacity 4496K, committed 4864K, reserved 1056768K
  class space    used 33K, capacity 388K, committed 512K, reserved 1048576K
}
Event: 1,666 GC heap after
{Heap after GC invocations=13 (full 0):
 garbage-first heap   total 563200K, used 268924K [0x0000000083a00000, 0x0000000100000000)
  region size 1024K, 20 young (20480K), 20 survivors (20480K)
 Metaspace       used 594K, capacity 4496K, committed 4864K, reserved 1056768K
  class space    used 33K, capacity 388K, committed 512K, reserved 1048576K
}
Event: 1,675 GC heap before
{Heap before GC invocations=13 (full 0):
 garbage-first heap   total 563200K, used 285308K [0x0000000083a00000, 0x0000000100000000)
  region size 1024K, 37 young (37888K), 20 survivors (20480K)
 Metaspace       used 594K, capacity 4496K, committed 4864K, reserved 1056768K
  class space    used 33K, capacity 388K, committed 512K, reserved 1048576K
}

